# JRE version: Java(TM) SE Runtime Environment (7.0_80-b15) (build 1.7.0_80-b15)
# Java VM: Java HotSpot(TM) 64-Bit Server VM (24.80-b11 mixed mode windows-amd64 compressed oops)
Heap
 PSYoungGen      total 38400K, used 9199K [0x00000000eaa80000, 0x00000000ed500000, 0x0000000100000000)
  eden space 33280K, 14% used [0x00000000eaa80000,0x00000000eaf28ac0,0x00000000ecb00000)
  from space 5120K, 86% used [0x00000000ecb00000,0x00000000ecf53290,0x00000000ed000000)
  to   space 5120K, 0% used [0x00000000ed000000,0x00000000ed000000,0x00000000ed500000)
 ParOldGen       total 72704K, used 17352K [0x00000000c0000000, 0x00000000c4700000, 0x00000000eaa80000)
  object space 72704K, 23% used [0x00000000c0000000,0x00000000c10f2208,0x00000000c4700000)
 PSPermGen       total 34816K, used 34708K [0x00000000b0000000, 0x00000000b2200000, 0x00000000c0000000)
  object space 34816K, 99% used [0x00000000b0000000,0x00000000b21e53f8,0x00000000b2200000)
GC Heap History (10 events):
Event: 3.731 GC heap before
{Heap before GC invocations=8 (full 0):
 PSYoungGen      total 38400K, used 37611K [0x00000000eaa80000, 0x00000000ed500000, 0x0000000100000000)
  eden space 33280K, 100% used [0x00000000eaa80000,0x00000000ecb00000,0x00000000ecb00000)
  from space 5120K, 84% used [0x00000000ecb00000,0x00000000ecf3afb8,0x00000000ed000000)
  to   space 5120K, 0% used [0x00000000ed000000,0x00000000ed000000,0x00000000ed500000)
 ParOldGen       total 86528K, used 19837K [0x00000000c0000000, 0x00000000c5480000, 0x00000000eaa80000)
  object space 86528K, 22% used [0x00000000c0000000,0x00000000c135f550,0x00000000c5480000)
 PSPermGen       total 29696K, used 29351K [0x00000000b0000000, 0x00000000b1d00000, 0x00000000c0000000)
  object space 29696K, 98% used [0x00000000b0000000,0x00000000b1ca9f28,0x00000000b1d00000)
Event: 3.735 GC heap after
Heap after GC invocations=8 (full 0):
 PSYoungGen      total 38400K, used 4534K [0x00000000eaa80000, 0x00000000ed500000, 0x0000000100000000)
  eden space 33280K, 0% used [0x00000000eaa80000,0x00000000eaa80000,0x00000000ecb00000)
  from space 5120K, 88% used [0x00000000ed000000,0x00000000ed46d8e8,0x00000000ed500000)
  to   space 5120K, 0% used [0x00000000ecb00000,0x00000000ecb00000,0x00000000ed000000)
 ParOldGen       total 86528K, used 21522K [0x00000000c0000000, 0x00000000c5480000, 0x00000000eaa80000)
  object space 86528K, 24% used [0x00000000c0000000,0x00000000c1504870,0x00000000c5480000)
 PSPermGen       total 29696K, used 29351K [0x00000000b0000000, 0x00000000b1d00000, 0x00000000c0000000)
  object space 29696K, 98% used [0x00000000b0000000,0x00000000b1ca9f28,0x00000000b1d00000)
}
Event: 4.056 GC heap before
{Heap before GC invocations=9 (full 0):
 PSYoungGen      total 38400K, used 37814K [0x00000000eaa80000, 0x00000000ed500000, 0x0000000100000000)
  eden space 33280K, 100% used [0x00000000eaa80000,0x00000000ecb00000,0x00000000ecb00000)
  from space 5120K, 88% used [0x00000000ed000000,0x00000000ed46d8e8,0x00000000ed500000)
  to   space 5120K, 0% used [0x00000000ecb00000,0x00000000ecb00000,0x00000000ed000000)
 ParOldGen       total 86528K, used 21522K [0x00000000c0000000, 0x00000000c5480000, 0x00000000eaa80000)
  object space 86528K, 24% used [0x00000000c0000000,0x00000000c1504870,0x00000000c5480000)
 PSPermGen       total 33280K, used 32773K [0x00000000b0000000, 0x00000000b2080000, 0x00000000c0000000)
  object space 33280K, 98% used [0x00000000b0000000,0x00000000b20014d0,0x00000000b2080000)
Event: 4.063 GC heap after
Heap after GC invocations=9 (full 0):
 PSYoungGen      total 38400K, used 5115K [0x00000000eaa80000, 0x00000000ed500000, 0x0000000100000000)
  eden space 33280K, 0% used [0x00000000eaa80000,0x00000000eaa80000,0x00000000ecb00000)
  from space 5120K, 99% used [0x00000000ecb00000,0x00000000ecffed30,0x00000000ed000000)
  to   space 5120K, 0% used [0x00000000ed000000,0x00000000ed000000,0x00000000ed500000)
 ParOldGen       total 86528K, used 24001K [0x00000000c0000000, 0x00000000c5480000, 0x00000000eaa80000)
  object space 86528K, 27% used [0x00000000c0000000,0x00000000c1770610,0x00000000c5480000)
 PSPermGen       total 33280K, used 32773K [0x00000000b0000000, 0x00000000b2080000, 0x00000000c0000000)
  object space 33280K, 98% used [0x00000000b0000000,0x00000000b20014d0,0x00000000b2080000)
}
Event: 4.119 GC heap before
{Heap before GC invocations=10 (full 0):
 PSYoungGen      total 38400K, used 10978K [0x00000000eaa80000, 0x00000000ed500000, 0x0000000100000000)
  eden space 33280K, 17% used [0x00000000eaa80000,0x00000000eb039c08,0x00000000ecb00000)
  from space 5120K, 99% used [0x00000000ecb00000,0x00000000ecffed30,0x00000000ed000000)
  to   space 5120K, 0% used [0x00000000ed000000,0x00000000ed000000,0x00000000ed500000)
 ParOldGen       total 86528K, used 24001K [0x00000000c0000000, 0x00000000c5480000, 0x00000000eaa80000)
  object space 86528K, 27% used [0x00000000c0000000,0x00000000c1770610,0x00000000c5480000)
 PSPermGen       total 33280K, used 33279K [0x00000000b0000000, 0x00000000b2080000, 0x00000000c0000000)
  object space 33280K, 99% used [0x00000000b0000000,0x00000000b207fe00,0x00000000b2080000)
Event: 4.122 GC heap after
Heap after GC invocations=10 (full 0):
 PSYoungGen      total 38400K, used 2398K [0x00000000eaa80000, 0x00000000ed500000, 0x0000000100000000)
  eden space 33280K, 0% used [0x00000000eaa80000,0x00000000eaa80000,0x00000000ecb00000)
  from space 5120K, 46% used [0x00000000ed000000,0x00000000ed257a40,0x00000000ed500000)
  to   space 5120K, 0% used [0x00000000ecb00000,0x00000000ecb00000,0x00000000ed000000)
 ParOldGen       total 86528K, used 26477K [0x00000000c0000000, 0x00000000c5480000, 0x00000000eaa80000)
  object space 86528K, 30% used [0x00000000c0000000,0x00000000c19db660,0x00000000c5480000)
 PSPermGen       total 33280K, used 33279K [0x00000000b0000000, 0x00000000b2080000, 0x00000000c0000000)
  object space 33280K, 99% used [0x00000000b0000000,0x00000000b207fe00,0x00000000b2080000)
}
Event: 4.122 GC heap before
{Heap before GC invocations=11 (full 1):
 PSYoungGen      total 38400K, used 2398K [0x00000000eaa80000, 0x00000000ed500000, 0x0000000100000000)
  eden space 33280K, 0% used [0x00000000eaa80000,0x00000000eaa80000,0x00000000ecb00000)
  from space 5120K, 46% used [0x00000000ed000000,0x00000000ed257a40,0x00000000ed500000)
  to   space 5120K, 0% used [0x00000000ecb00000,0x00000000ecb00000,0x00000000ed000000)
 ParOldGen       total 86528K, used 26477K [0x00000000c0000000, 0x00000000c5480000, 0x00000000eaa80000)
  object space 86528K, 30% used [0x00000000c0000000,0x00000000c19db660,0x00000000c5480000)
 PSPermGen       total 33280K, used 33279K [0x00000000b0000000, 0x00000000b2080000, 0x00000000c0000000)
  object space 33280K, 99% used [0x00000000b0000000,0x00000000b207fe00,0x00000000b2080000)
Event: 4.232 GC heap after
Heap after GC invocations=11 (full 1):
 PSYoungGen      total 38400K, used 0K [0x00000000eaa80000, 0x00000000ed500000, 0x0000000100000000)
  eden space 33280K, 0% used [0x00000000eaa80000,0x00000000eaa80000,0x00000000ecb00000)
  from space 5120K, 0% used [0x00000000ed000000,0x00000000ed000000,0x00000000ed500000)
  to   space 5120K, 0% used [0x00000000ecb00000,0x00000000ecb00000,0x00000000ed000000)
 ParOldGen       total 72704K, used 17352K [0x00000000c0000000, 0x00000000c4700000, 0x00000000eaa80000)
  object space 72704K, 23% used [0x00000000c0000000,0x00000000c10f2208,0x00000000c4700000)
 PSPermGen       total 33280K, used 33246K [0x00000000b0000000, 0x00000000b2080000, 0x00000000c0000000)
  object space 33280K, 99% used [0x00000000b0000000,0x00000000b20778c8,0x00000000b2080000)
}
Event: 4.433 GC heap before
{Heap before GC invocations=12 (full 1):
 PSYoungGen      total 38400K, used 33280K [0x00000000eaa80000, 0x00000000ed500000, 0x0000000100000000)
  eden space 33280K, 100% used [0x00000000eaa80000,0x00000000ecb00000,0x00000000ecb00000)
  from space 5120K, 0% used [0x00000000ed000000,0x00000000ed000000,0x00000000ed500000)
  to   space 5120K, 0% used [0x00000000ecb00000,0x00000000ecb00000,0x00000000ed000000)
 ParOldGen       total 72704K, used 17352K [0x00000000c0000000, 0x00000000c4700000, 0x00000000eaa80000)
  object space 72704K, 23% used [0x00000000c0000000,0x00000000c10f2208,0x00000000c4700000)
 PSPermGen       total 34304K, used 34207K [0x00000000b0000000, 0x00000000b2180000, 0x00000000c0000000)
  object space 34304K, 99% used [0x00000000b0000000,0x00000000b2167f20,0x00000000b2180000)
Event: 4.436 GC heap after
Heap after GC invocations=12 (full 1):
 PSYoungGen      total 38400K, used 4428K [0x00000000eaa80000, 0x00000000ed500000, 0x0000000100000000)
  eden space 33280K, 0% used [0x00000000eaa80000,0x00000000eaa80000,0x00000000ecb00000)
  from space 5120K, 86% used [0x00000000ecb00000,0x00000000ecf53290,0x00000000ed000000)
  to   space 5120K, 0% used [0x00000000ed000000,0x00000000ed000000,0x00000000ed500000)
 ParOldGen       total 72704K, used 17352K [0x00000000c0000000, 0x00000000c4700000, 0x00000000eaa80000)
  object space 72704K, 23% used [0x00000000c0000000,0x00000000c10f2208,0x00000000c4700000)
 PSPermGen       total 34304K, used 34207K [0x00000000b0000000, 0x00000000b2180000, 0x00000000c0000000)
  object space 34304K, 99% used [0x00000000b0000000,0x00000000b2167f20,0x00000000b2180000)
}

